<?xml version="1.0" encoding="UTF-8"?>
<testsuite name="com.geoc.app.repository.MessageRepositoryTest" time="7.777" tests="1" errors="1" skipped="0" failures="0">
  <properties>
[...]
</properties>
  <testcase name="testSuccess" classname="com.geoc.app.repository.MessageRepositoryTest" time="7.777">
    <error message="[Assertion failed] - this map must not be empty; it must contain at least one entry" type="java.lang.IllegalArgumentException">java.lang.IllegalArgumentException: [Assertion failed] - this map must not be empty; it must contain at least one entry
	at org.springframework.util.Assert.notEmpty(Assert.java:294)
	at org.springframework.util.Assert.notEmpty(Assert.java:306)
	at com.geoc.app.repository.MessageRepositoryTest.testSuccess(MessageRepositoryTest.java:26)
</error>
    <system-out>06:38:08.990 [main] DEBUG o.s.t.c.j.SpringJUnit4ClassRunner - SpringJUnit4ClassRunner constructor called with [class com.geoc.app.repository.MessageRepositoryTest].
06:38:09.073 [main] DEBUG o.s.test.context.ContextLoaderUtils - Found explicit ContextLoader class [org.springframework.boot.test.SpringApplicationContextLoader] for context configuration attributes [ContextConfigurationAttributes@66e8791 declaringClass = 'com.geoc.app.repository.MessageRepositoryTest', classes = '{class com.geoc.app.Application}', locations = '{}', inheritLocations = true, initializers = '{}', inheritInitializers = true, name = [null], contextLoaderClass = 'org.springframework.boot.test.SpringApplicationContextLoader']
06:38:09.090 [main] DEBUG o.s.test.context.ContextLoaderUtils - Could not find an 'annotation declaring class' for annotation type [org.springframework.test.context.ActiveProfiles] and class [com.geoc.app.repository.MessageRepositoryTest]
06:38:09.098 [main] DEBUG o.s.test.context.TestContextManager - @TestExecutionListeners is not present for class [com.geoc.app.repository.MessageRepositoryTest]: using defaults.
06:38:09.151 [main] DEBUG o.s.t.annotation.ProfileValueUtils - Retrieved @ProfileValueSourceConfiguration [null] for test class [com.geoc.app.repository.MessageRepositoryTest]
06:38:09.152 [main] DEBUG o.s.t.annotation.ProfileValueUtils - Retrieved ProfileValueSource type [class org.springframework.test.annotation.SystemProfileValueSource] for class [com.geoc.app.repository.MessageRepositoryTest]
06:38:09.154 [main] DEBUG o.s.t.annotation.ProfileValueUtils - Retrieved @ProfileValueSourceConfiguration [null] for test class [com.geoc.app.repository.MessageRepositoryTest]
06:38:09.154 [main] DEBUG o.s.t.annotation.ProfileValueUtils - Retrieved ProfileValueSource type [class org.springframework.test.annotation.SystemProfileValueSource] for class [com.geoc.app.repository.MessageRepositoryTest]
06:38:09.161 [main] DEBUG o.s.t.annotation.ProfileValueUtils - Retrieved @ProfileValueSourceConfiguration [null] for test class [com.geoc.app.repository.MessageRepositoryTest]
06:38:09.163 [main] DEBUG o.s.t.annotation.ProfileValueUtils - Retrieved ProfileValueSource type [class org.springframework.test.annotation.SystemProfileValueSource] for class [com.geoc.app.repository.MessageRepositoryTest]
06:38:09.169 [main] DEBUG o.s.t.c.s.DependencyInjectionTestExecutionListener - Performing dependency injection for test context [[DefaultTestContext@2934847 testClass = MessageRepositoryTest, testInstance = com.geoc.app.repository.MessageRepositoryTest@136e2ea3, testMethod = [null], testException = [null], mergedContextConfiguration = [MergedContextConfiguration@26b7d94c testClass = MessageRepositoryTest, locations = '{}', classes = '{class com.geoc.app.Application}', contextInitializerClasses = '[]', activeProfiles = '{}', contextLoader = 'org.springframework.boot.test.SpringApplicationContextLoader', parent = [null]]]].
06:38:09.332 [main] DEBUG o.s.core.env.StandardEnvironment - Adding [systemProperties] PropertySource with lowest search precedence
06:38:09.338 [main] DEBUG o.s.core.env.StandardEnvironment - Adding [systemEnvironment] PropertySource with lowest search precedence
06:38:09.338 [main] DEBUG o.s.core.env.StandardEnvironment - Initialized StandardEnvironment with PropertySources [systemProperties,systemEnvironment]
06:38:09.340 [main] DEBUG o.s.core.env.StandardEnvironment - Adding [integrationTest] PropertySource with search precedence immediately lower than [systemEnvironment]

  .   ____          _            __ _ _
 /\\ / ___'_ __ _ _(_)_ __  __ _ \ \ \ \
( ( )\___ | '_ | '_| | '_ \/ _` | \ \ \ \
 \\/  ___)| |_)| | | | | || (_| |  ) ) ) )
  '  |____| .__|_| |_|_| |_\__, | / / / /
 =========|_|==============|___/=/_/_/_/
 :: Spring Boot ::       (v1.1.10.RELEASE)

2014-12-30 06:38:09.967  INFO 3804 --- [           main] o.a.maven.surefire.booter.ForkedBooter   : Starting ForkedBooter v2.15 on harish-thinkpad with PID 3804 (started by Harish Reddy in E:\Coding\Workspace\localwall)
2014-12-30 06:38:10.013  INFO 3804 --- [           main] s.c.a.AnnotationConfigApplicationContext : Refreshing org.springframework.context.annotation.AnnotationConfigApplicationContext@5d08f565: startup date [Tue Dec 30 06:38:10 IST 2014]; root of context hierarchy
2014-12-30 06:38:14.275  INFO 3804 --- [           main] b.a.s.AuthenticationManagerConfiguration : 

Using default security password: eb8e110d-34de-453a-b675-f3b4f76af9e4


2014-12-30 06:38:14.638  INFO 3804 --- [           main] o.a.maven.surefire.booter.ForkedBooter   : Started ForkedBooter in 5.293 seconds (JVM running for 6.138)
</system-out>
  </testcase>
</testsuite>